c:\users\gabriel\onedrive\escritorio\usfx\ingenieria en ciencias de la computación\02-2025\estructura de datos\laboratorios\lab1\classveterinaria\x64\debug\classveterinaria.pch
c:\users\gabriel\onedrive\escritorio\usfx\ingenieria en ciencias de la computación\02-2025\estructura de datos\laboratorios\lab1\classveterinaria\x64\debug\vc143.pdb
c:\users\gabriel\onedrive\escritorio\usfx\ingenieria en ciencias de la computación\02-2025\estructura de datos\laboratorios\lab1\classveterinaria\x64\debug\pch.obj
c:\users\gabriel\onedrive\escritorio\usfx\ingenieria en ciencias de la computación\02-2025\estructura de datos\laboratorios\lab1\classveterinaria\x64\debug\classveterinaria.obj
c:\users\gabriel\onedrive\escritorio\usfx\ingenieria en ciencias de la computación\02-2025\estructura de datos\laboratorios\lab1\classveterinaria\x64\debug\assemblyinfo.obj
c:\users\gabriel\onedrive\escritorio\usfx\ingenieria en ciencias de la computación\02-2025\estructura de datos\laboratorios\lab1\classveterinaria\x64\debug\.netframework,version=v4.7.2.assemblyattributes.obj
c:\users\gabriel\onedrive\escritorio\usfx\ingenieria en ciencias de la computación\02-2025\estructura de datos\laboratorios\lab1\laboratorio_veterinaria\x64\debug\classveterinaria.dll
c:\users\gabriel\onedrive\escritorio\usfx\ingenieria en ciencias de la computación\02-2025\estructura de datos\laboratorios\lab1\laboratorio_veterinaria\x64\debug\classveterinaria.pdb
c:\users\gabriel\onedrive\escritorio\usfx\ingenieria en ciencias de la computación\02-2025\estructura de datos\laboratorios\lab1\classveterinaria\x64\debug\app.res
c:\users\gabriel\onedrive\escritorio\usfx\ingenieria en ciencias de la computación\02-2025\estructura de datos\laboratorios\lab1\classveterinaria\x64\debug\classveterinaria.tlog\cl.command.1.tlog
c:\users\gabriel\onedrive\escritorio\usfx\ingenieria en ciencias de la computación\02-2025\estructura de datos\laboratorios\lab1\classveterinaria\x64\debug\classveterinaria.tlog\cl.items.tlog
c:\users\gabriel\onedrive\escritorio\usfx\ingenieria en ciencias de la computación\02-2025\estructura de datos\laboratorios\lab1\classveterinaria\x64\debug\classveterinaria.tlog\cl.read.1.tlog
c:\users\gabriel\onedrive\escritorio\usfx\ingenieria en ciencias de la computación\02-2025\estructura de datos\laboratorios\lab1\classveterinaria\x64\debug\classveterinaria.tlog\cl.write.1.tlog
c:\users\gabriel\onedrive\escritorio\usfx\ingenieria en ciencias de la computación\02-2025\estructura de datos\laboratorios\lab1\classveterinaria\x64\debug\classveterinaria.tlog\link.command.1.tlog
c:\users\gabriel\onedrive\escritorio\usfx\ingenieria en ciencias de la computación\02-2025\estructura de datos\laboratorios\lab1\classveterinaria\x64\debug\classveterinaria.tlog\link.read.1.tlog
c:\users\gabriel\onedrive\escritorio\usfx\ingenieria en ciencias de la computación\02-2025\estructura de datos\laboratorios\lab1\classveterinaria\x64\debug\classveterinaria.tlog\link.secondary.1.tlog
c:\users\gabriel\onedrive\escritorio\usfx\ingenieria en ciencias de la computación\02-2025\estructura de datos\laboratorios\lab1\classveterinaria\x64\debug\classveterinaria.tlog\link.write.1.tlog
c:\users\gabriel\onedrive\escritorio\usfx\ingenieria en ciencias de la computación\02-2025\estructura de datos\laboratorios\lab1\classveterinaria\x64\debug\classveterinaria.tlog\metagen.read.1.tlog
c:\users\gabriel\onedrive\escritorio\usfx\ingenieria en ciencias de la computación\02-2025\estructura de datos\laboratorios\lab1\classveterinaria\x64\debug\classveterinaria.tlog\metagen.write.1.tlog
c:\users\gabriel\onedrive\escritorio\usfx\ingenieria en ciencias de la computación\02-2025\estructura de datos\laboratorios\lab1\classveterinaria\x64\debug\classveterinaria.tlog\rc.command.1.tlog
c:\users\gabriel\onedrive\escritorio\usfx\ingenieria en ciencias de la computación\02-2025\estructura de datos\laboratorios\lab1\classveterinaria\x64\debug\classveterinaria.tlog\rc.read.1.tlog
c:\users\gabriel\onedrive\escritorio\usfx\ingenieria en ciencias de la computación\02-2025\estructura de datos\laboratorios\lab1\classveterinaria\x64\debug\classveterinaria.tlog\rc.write.1.tlog
